0 info it worked if it ends with ok
1 verbose cli [ '/usr/bin/nodejs', '/usr/bin/npm', 'start' ]
2 info using npm@3.6.0
3 info using node@v5.7.1
4 warn invalid config registry="=http://registry.npmjs.org"
5 warn invalid config Must be a full url with 'http://'
6 verbose stack Error: missing script: start
6 verbose stack     at run (/usr/lib/node_modules/npm/lib/run-script.js:147:19)
6 verbose stack     at /usr/lib/node_modules/npm/lib/run-script.js:57:5
6 verbose stack     at /usr/lib/node_modules/npm/node_modules/read-package-json/read-json.js:345:5
6 verbose stack     at checkBinReferences_ (/usr/lib/node_modules/npm/node_modules/read-package-json/read-json.js:309:45)
6 verbose stack     at final (/usr/lib/node_modules/npm/node_modules/read-package-json/read-json.js:343:3)
6 verbose stack     at then (/usr/lib/node_modules/npm/node_modules/read-package-json/read-json.js:113:5)
6 verbose stack     at /usr/lib/node_modules/npm/node_modules/read-package-json/read-json.js:300:12
6 verbose stack     at /usr/lib/node_modules/npm/node_modules/graceful-fs/graceful-fs.js:76:16
6 verbose stack     at tryToString (fs.js:414:3)
6 verbose stack     at FSReqWrap.readFileAfterClose [as oncomplete] (fs.js:401:12)
7 verbose cwd /home/abhishek/my work/nodejs/csvtojson
8 error Linux 4.2.0-30-generic
9 error argv "/usr/bin/nodejs" "/usr/bin/npm" "start"
10 error node v5.7.1
11 error npm  v3.6.0
12 error missing script: start
13 error If you need help, you may report this error at:
13 error     <https://github.com/npm/npm/issues>
14 verbose exit [ 1, true ]
